<?xml version="1.0" encoding="UTF-8"?>
<!-- Generated by org.testng.reporters.JUnitXMLReporter -->
<testsuite ignored="1" hostname="DESKTOP-IODLSC9" failures="0" tests="3" name="Custom API Tests" time="2.895" errors="0" timestamp="2024-12-18T20:02:37 IST">
  <testcase classname="com.api.tests.GetTests" name="testGetEndpoint" time="2.621"/>
  <testcase classname="com.api.tests.PostTests" name="testPostEndpoint" time="2.822"/>
  <testcase classname="com.api.tests.PatchTests" name="testPatchEndpoint" time="2.849"/>
  <testcase classname="com.api.tests.PutTests" name="testPutEndpoint" time="0.0">
    <ignored/>
  </testcase> <!-- testPutEndpoint -->
</testsuite> <!-- Custom API Tests -->
