<?xml version="1.0" encoding="UTF-8"?>
<!-- Generated by org.testng.reporters.JUnitXMLReporter -->
<testsuite ignored="0" hostname="DESKTOP-IODLSC9" failures="0" tests="6" name="Test" time="3.499" errors="0" timestamp="2024-12-18T19:55:01 IST">
  <testcase classname="com.api.tests.HeadTests" name="testHeadEndpoint" time="2.745"/>
  <testcase classname="com.api.tests.GetTests" name="testGetEndpoint" time="2.814"/>
  <testcase classname="com.api.tests.PutTests" name="testPutEndpoint" time="3.004"/>
  <testcase classname="com.api.tests.DeleteTests" name="testDeleteEndpoint" time="3.029"/>
  <testcase classname="com.api.tests.PatchTests" name="testPatchEndpoint" time="3.354"/>
  <testcase classname="com.api.tests.PostTests" name="testPostEndpoint" time="0.697"/>
</testsuite> <!-- Test -->
