<?xml version="1.0" encoding="UTF-8"?>
<!-- Generated by org.testng.reporters.JUnitXMLReporter -->
<testsuite ignored="0" hostname="DESKTOP-IODLSC9" failures="0" tests="6" name="API Tests" time="11.321" errors="0" timestamp="2024-12-20T21:14:33 IST">
  <testcase classname="com.api.tests.GetTests" name="testGetEndpoint" time="9.149"/>
  <testcase classname="com.api.tests.PutTests" name="testPutEndpoint" time="9.324"/>
  <testcase classname="com.api.tests.DeleteTests" name="testDeleteEndpoint" time="9.337"/>
  <testcase classname="com.api.tests.PatchTests" name="testPatchEndpoint" time="9.38"/>
  <testcase classname="com.api.tests.HeadTests" name="testHeadEndpoint" time="1.643"/>
  <testcase classname="com.api.tests.PostTests" name="testPostEndpoint" time="11.237"/>
</testsuite> <!-- API Tests -->
